#
# There is insufficient memory for the Java Runtime Environment to continue.
# Native memory allocation (mmap) failed to map 264241152 bytes for G1 virtual space
# Possible reasons:
#   The system is out of physical RAM or swap space
#   The process is running with CompressedOops enabled, and the Java Heap may be blocking the growth of the native heap
# Possible solutions:
#   Reduce memory load on the system
#   Increase physical memory or swap space
#   Check if swap backing store is full
#   Decrease Java heap size (-Xmx/-Xms)
#   Decrease number of Java threads
#   Decrease Java thread stack sizes (-Xss)
#   Set larger code cache with -XX:ReservedCodeCacheSize=
#   JVM is running with Zero Based Compressed Oops mode in which the Java heap is
#     placed in the first 32GB address space. The Java Heap base address is the
#     maximum limit for the native heap growth. Please use -XX:HeapBaseMinAddress
#     to set the Java Heap base and to place the Java Heap above 32GB virtual address.
# This output file may be truncated or incomplete.
#
#  Out of Memory Error (os_windows.cpp:3557), pid=22560, tid=25200
#
# JRE version:  (17.0.6+10) (build )
# Java VM: OpenJDK 64-Bit Server VM (17.0.6+10-LTS, mixed mode, sharing, tiered, compressed oops, compressed class ptrs, g1 gc, windows-amd64)
# No core dump will be written. Minidumps are not enabled by default on client versions of Windows
#

---------------  S U M M A R Y ------------

Command Line: -javaagent:C:\Program Files\JetBrains\IntelliJ IDEA 2022.2.3\lib\idea_rt.jar=57610:C:\Program Files\JetBrains\IntelliJ IDEA 2022.2.3\bin -Dfile.encoding=windows-1251 ru.itmo.coursePaper.coursePaper_3.ClientApp

Host: 12th Gen Intel(R) Core(TM) i9-12900H, 20 cores, 15G,  Windows 11 , 64 bit Build 22621 (10.0.22621.1635)
Time: Thu Jun 15 22:33:41 2023 RTZ 2 (s 11 , 64 bit Build 22621 (10.0.22621.1635) elapsed time: 0.017056 seconds (0d 0h 0m 0s)

---------------  T H R E A D  ---------------

Current thread (0x00000219b25804b0):  JavaThread "Unknown thread" [_thread_in_vm, id=25200, stack(0x000000b478100000,0x000000b478200000)]

Stack: [0x000000b478100000,0x000000b478200000]
Native frames: (J=compiled Java code, j=interpreted, Vv=VM code, C=native code)
V  [jvm.dll+0x64b39a]
V  [jvm.dll+0x7ff044]
V  [jvm.dll+0x8007fe]
V  [jvm.dll+0x800e53]
V  [jvm.dll+0x235848]
V  [jvm.dll+0x6482fa]
V  [jvm.dll+0x63ca0a]
V  [jvm.dll+0x2f3d59]
V  [jvm.dll+0x2faee6]
V  [jvm.dll+0x34755a]
V  [jvm.dll+0x34779f]
V  [jvm.dll+0x2ca128]
V  [jvm.dll+0x2cb0b9]
V  [jvm.dll+0x7d2751]
V  [jvm.dll+0x354a21]
V  [jvm.dll+0x7b2c9e]
V  [jvm.dll+0x3d16c3]
V  [jvm.dll+0x3d30c1]
C  [jli.dll+0x519f]
C  [ucrtbase.dll+0x29363]
C  [KERNEL32.DLL+0x126ad]
C  [ntdll.dll+0x5a9f8]


---------------  P R O C E S S  ---------------

Threads class SMR info:
_java_thread_list=0x00007ffbf0bdb858, length=0, elements={
}

Java Threads: ( => current thread )

Other Threads:
  0x00000219b25ecde0 GCTaskThread "GC Thread#0" [stack: 0x000000b478200000,0x000000b478300000] [id=28796]
  0x00000219b25fda40 ConcurrentGCThread "G1 Main Marker" [stack: 0x000000b478300000,0x000000b478400000] [id=17176]
  0x00000219b25fe450 ConcurrentGCThread "G1 Conc#0" [stack: 0x000000b478400000,0x000000b478500000] [id=13356]

[error occurred during error reporting (printing all threads), id 0xc0000005, EXCEPTION_ACCESS_VIOLATION (0xc0000005) at pc=0x00007ffbf03cb387]

VM state: not at safepoint (not fully initialized)

VM Mutex/Monitor currently owned by a thread:  ([mutex/lock_event])
[0x00000219b257d230] Heap_lock - owner thread: 0x00000219b25804b0

Heap address: 0x0000000704400000, size: 4028 MB, Compressed Oops mode: Zero based, Oop shift amount: 3

CDS archive(s) mapped at: [0x0000000000000000-0x0000000000000000-0x0000000000000000), size 0, SharedBaseAddress: 0x0000000800000000, ArchiveRelocationMode: 0.
Narrow klass base: 0x0000000000000000, Narrow klass shift: 0, Narrow klass range: 0x0

GC Precious Log:
<Empty>

Heap:
 garbage-first heap   total 0K, used 0K [0x0000000704400000, 0x0000000800000000)
  region size 2048K, 0 young (0K), 0 survivors (0K)

[error occurred during error reporting (printing heap information), id 0xc0000005, EXCEPTION_ACCESS_VIOLATION (0xc0000005) at pc=0x00007ffbf0792dd9]

GC Heap History (0 events):
No events

Dll operation events (1 events):
Event: 0.007 Loaded shared library C:\Users\vin12\.jdks\corretto-17.0.6\bin\java.dll

Deoptimization events (0 events):
No events

Classes unloaded (0 events):
No events

Classes redefined (0 events):
No events

Internal exceptions (0 events):
No events

VM Operations (0 events):
No events

Events (0 events):
No events


Dynamic libraries:
0x00007ff739490000 - 0x00007ff73949d000 	C:\Users\vin12\.jdks\corretto-17.0.6\bin\java.exe
0x00007ffc78d90000 - 0x00007ffc78fa4000 	C:\WINDOWS\SYSTEM32\ntdll.dll
0x00007ffc76de0000 - 0x00007ffc76ea2000 	C:\WINDOWS\System32\KERNEL32.DLL
0x00007ffc762c0000 - 0x00007ffc76663000 	C:\WINDOWS\System32\KERNELBASE.dll
0x00007ffc76790000 - 0x00007ffc768a1000 	C:\WINDOWS\System32\ucrtbase.dll
0x00007ffc5fea0000 - 0x00007ffc5feb7000 	C:\Users\vin12\.jdks\corretto-17.0.6\bin\jli.dll
0x00007ffc5f730000 - 0x00007ffc5f745000 	C:\Users\vin12\.jdks\corretto-17.0.6\bin\VCRUNTIME140.dll
0x00007ffc77440000 - 0x00007ffc775eb000 	C:\WINDOWS\System32\USER32.dll
0x00007ffc768b0000 - 0x00007ffc768d6000 	C:\WINDOWS\System32\win32u.dll
0x00007ffc54110000 - 0x00007ffc5439e000 	C:\WINDOWS\WinSxS\amd64_microsoft.windows.common-controls_6595b64144ccf1df_6.0.22621.1635_none_270f70857386168e\COMCTL32.dll
0x00007ffc77ad0000 - 0x00007ffc77af9000 	C:\WINDOWS\System32\GDI32.dll
0x00007ffc76670000 - 0x00007ffc76788000 	C:\WINDOWS\System32\gdi32full.dll
0x00007ffc779b0000 - 0x00007ffc77a57000 	C:\WINDOWS\System32\msvcrt.dll
0x00007ffc761b0000 - 0x00007ffc7624a000 	C:\WINDOWS\System32\msvcp_win.dll
0x00007ffc76b90000 - 0x00007ffc76bc1000 	C:\WINDOWS\System32\IMM32.DLL
0x00007ffc3ee10000 - 0x00007ffc3eeab000 	C:\Users\vin12\.jdks\corretto-17.0.6\bin\msvcp140.dll
0x00007ffbf00f0000 - 0x00007ffbf0d08000 	C:\Users\vin12\.jdks\corretto-17.0.6\bin\server\jvm.dll
0x00007ffc76cd0000 - 0x00007ffc76d7e000 	C:\WINDOWS\System32\ADVAPI32.dll
0x00007ffc76f50000 - 0x00007ffc76ff4000 	C:\WINDOWS\System32\sechost.dll
0x00007ffc775f0000 - 0x00007ffc77707000 	C:\WINDOWS\System32\RPCRT4.dll
0x00007ffc5fb20000 - 0x00007ffc5fb29000 	C:\WINDOWS\SYSTEM32\WSOCK32.dll
0x00007ffc70d20000 - 0x00007ffc70d54000 	C:\WINDOWS\SYSTEM32\WINMM.dll
0x00007ffc5e2a0000 - 0x00007ffc5e2aa000 	C:\WINDOWS\SYSTEM32\VERSION.dll
0x00007ffc78c10000 - 0x00007ffc78c81000 	C:\WINDOWS\System32\WS2_32.dll
0x00007ffc75260000 - 0x00007ffc75278000 	C:\WINDOWS\SYSTEM32\kernel.appcore.dll
0x00007ffc5f9f0000 - 0x00007ffc5f9fa000 	C:\Users\vin12\.jdks\corretto-17.0.6\bin\jimage.dll
0x00007ffc736d0000 - 0x00007ffc738fe000 	C:\WINDOWS\SYSTEM32\DBGHELP.DLL
0x00007ffc77000000 - 0x00007ffc77389000 	C:\WINDOWS\System32\combase.dll
0x00007ffc76bd0000 - 0x00007ffc76ca7000 	C:\WINDOWS\System32\OLEAUT32.dll
0x00007ffc557b0000 - 0x00007ffc557e2000 	C:\WINDOWS\SYSTEM32\dbgcore.DLL
0x00007ffc768e0000 - 0x00007ffc7695b000 	C:\WINDOWS\System32\bcryptPrimitives.dll
0x00007ffc5f7f0000 - 0x00007ffc5f7fe000 	C:\Users\vin12\.jdks\corretto-17.0.6\bin\instrument.dll
0x00007ffc5f700000 - 0x00007ffc5f725000 	C:\Users\vin12\.jdks\corretto-17.0.6\bin\java.dll

dbghelp: loaded successfully - version: 4.0.5 - missing functions: none
symbol engine: initialized successfully - sym options: 0x614 - pdb path: .;C:\Users\vin12\.jdks\corretto-17.0.6\bin;C:\WINDOWS\SYSTEM32;C:\WINDOWS\WinSxS\amd64_microsoft.windows.common-controls_6595b64144ccf1df_6.0.22621.1635_none_270f70857386168e;C:\Users\vin12\.jdks\corretto-17.0.6\bin\server

VM Arguments:
jvm_args: -javaagent:C:\Program Files\JetBrains\IntelliJ IDEA 2022.2.3\lib\idea_rt.jar=57610:C:\Program Files\JetBrains\IntelliJ IDEA 2022.2.3\bin -Dfile.encoding=windows-1251 
java_command: ru.itmo.coursePaper.coursePaper_3.ClientApp
java_class_path (initial): C:\Users\vin12\Desktop\git-repository\ITMO\java-itmo-homework\out\production\java-itmo
Launcher Type: SUN_STANDARD

[Global flags]
     intx CICompilerCount                          = 12                                        {product} {ergonomic}
     uint ConcGCThreads                            = 4                                         {product} {ergonomic}
     uint G1ConcRefinementThreads                  = 15                                        {product} {ergonomic}
   size_t G1HeapRegionSize                         = 2097152                                   {product} {ergonomic}
    uintx GCDrainStackTargetSize                   = 64                                        {product} {ergonomic}
   size_t InitialHeapSize                          = 264241152                                 {product} {ergonomic}
   size_t MarkStackSize                            = 4194304                                   {product} {ergonomic}
   size_t MaxHeapSize                              = 4223664128                                {product} {ergonomic}
   size_t MinHeapDeltaBytes                        = 2097152                                   {product} {ergonomic}
   size_t MinHeapSize                              = 8388608                                   {product} {ergonomic}
    uintx NonNMethodCodeHeapSize                   = 7602480                                {pd product} {ergonomic}
    uintx NonProfiledCodeHeapSize                  = 122027880                              {pd product} {ergonomic}
    uintx ProfiledCodeHeapSize                     = 122027880                              {pd product} {ergonomic}
    uintx ReservedCodeCacheSize                    = 251658240                              {pd product} {ergonomic}
     bool SegmentedCodeCache                       = true                                      {product} {ergonomic}
   size_t SoftMaxHeapSize                          = 4223664128                             {manageable} {ergonomic}
     bool UseCompressedClassPointers               = true                           {product lp64_product} {ergonomic}
     bool UseCompressedOops                        = true                           {product lp64_product} {ergonomic}
     bool UseG1GC                                  = true                                      {product} {ergonomic}
     bool UseLargePagesIndividualAllocation        = false                                  {pd product} {ergonomic}

Logging:
Log output configuration:
 #0: stdout all=warning uptime,level,tags
 #1: stderr all=off uptime,level,tags

Environment Variables:
JAVA_HOME=C:\Users\vin12\.jdks\openjdk-19.0.1
PATH=C:\Windows\System32\HWAudioDriverLibs;C:\Windows\system32;C:\Windows;C:\Windows\System32\Wbem;C:\Windows\System32\WindowsPowerShell\v1.0\;C:\Windows\System32\OpenSSH\;C:\Users\Administrator\AppData\Local\Microsoft\WindowsApps;C:\WINDOWS\system32;C:\WINDOWS;C:\WINDOWS\System32\Wbem;C:\WINDOWS\System32\WindowsPowerShell\v1.0\;C:\WINDOWS\System32\OpenSSH\;C:\Program Files\Git\cmd;C:\Program Files\nodejs\;C:\Program Files\Docker\Docker\resources\bin;C:\Users\vin12\AppData\Local\Microsoft\WindowsApps;;C:\Program Files\JetBrains\IntelliJ IDEA 2022.2.3\bin;;C:\Users\vin12\Desktop\Soft\WebStorm 2022.2.3\bin;;C:\Users\vin12\AppData\Roaming\npm;C:\Users\vin12\AppData\Local\Programs\Microsoft VS Code\bin
USERNAME=vin12
OS=Windows_NT
PROCESSOR_IDENTIFIER=Intel64 Family 6 Model 154 Stepping 3, GenuineIntel
TMP=C:\Users\vin12\AppData\Local\Temp
TEMP=C:\Users\vin12\AppData\Local\Temp



---------------  S Y S T E M  ---------------

OS:
 Windows 11 , 64 bit Build 22621 (10.0.22621.1635)
OS uptime: 10 days 1:25 hours
Hyper-V role detected

CPU: total 20 (initial active 20) (10 cores per cpu, 2 threads per core) family 6 model 154 stepping 3 microcode 0x41e, cx8, cmov, fxsr, ht, mmx, 3dnowpref, sse, sse2, sse3, ssse3, sse4.1, sse4.2, popcnt, lzcnt, tsc, tscinvbit, avx, avx2, aes, erms, clmul, bmi1, bmi2, adx, sha, fma, vzeroupper, clflush, clflushopt, clwb, hv

Memory: 4k page, system-wide physical 16110M (1351M free)
TotalPageFile size 31470M (AvailPageFile size 55M)
current process WorkingSet (physical memory assigned to process): 11M, peak: 11M
current process commit charge ("private bytes"): 75M, peak: 327M

vm_info: OpenJDK 64-Bit Server VM (17.0.6+10-LTS) for windows-amd64 JRE (17.0.6+10-LTS), built on Jan 13 2023 22:57:04 by "Administrator" with MS VC++ 15.9 (VS2017)

END.
